SF:./lib/src/gg_timeline_item.dart
DA:14,2
DA:30,4
DA:34,1
DA:39,1
DA:40,1
DA:41,1
DA:42,1
DA:48,1
DA:51,3
DA:52,1
DA:53,3
DA:54,3
DA:55,3
DA:60,1
DA:61,8
end_of_record
SF:./lib/src/gg_timeline.dart
DA:15,1
DA:16,1
DA:21,1
DA:22,2
DA:23,2
DA:24,2
DA:25,1
DA:34,9
DA:38,2
DA:42,1
DA:43,1
DA:44,1
DA:49,1
DA:54,1
DA:58,1
DA:59,2
DA:60,1
DA:62,1
DA:64,5
DA:65,2
DA:66,1
DA:67,1
DA:69,1
DA:77,1
DA:82,1
DA:84,3
DA:85,1
DA:86,2
DA:88,1
DA:90,3
DA:91,2
DA:92,1
DA:93,1
DA:95,1
DA:98,1
DA:107,1
DA:108,3
DA:109,1
DA:116,1
DA:117,3
DA:118,6
DA:122,1
DA:126,3
DA:127,4
DA:128,2
DA:129,2
DA:132,1
DA:133,1
DA:138,2
DA:139,2
DA:140,1
DA:141,1
DA:143,2
DA:152,2
DA:157,6
DA:158,1
DA:159,4
DA:164,1
DA:168,3
DA:169,3
DA:170,4
DA:181,1
DA:182,1
DA:185,1
DA:190,3
DA:191,4
DA:194,4
DA:196,5
DA:199,1
DA:205,4
DA:210,1
DA:214,1
DA:226,1
DA:227,1
DA:231,1
DA:232,3
DA:234,1
DA:235,3
DA:243,1
DA:244,1
DA:249,2
DA:253,1
DA:260,1
DA:261,2
DA:262,3
DA:268,2
end_of_record
